Build started 6/6/2015 7:41:44 PM.
     1>Project "C:\Users\NguyenVietNamSon\Desktop\OOP sang chu nhat (7-6)\On Tap Tong Quat\Class Template Version 2\Class Template Version 2.vcxproj" on node 2 (Build target(s)).
     1>ClCompile:
         C:\Program Files (x86)\Microsoft Visual Studio 11.0\VC\bin\CL.exe /c /ZI /nologo /W3 /WX- /Od /Oy- /D _MBCS /Gm /EHsc /RTC1 /MDd /GS /fp:precise /Zc:wchar_t /Zc:forScope /Fo"Debug\\" /Fd"Debug\vc110.pdb" /Gd /TP /analyze- /errorReport:prompt MyVector.cpp Source.cpp
         Source.cpp
     1>c:\users\nguyenvietnamson\desktop\oop sang chu nhat (7-6)\on tap tong quat\class template version 2\myvector.cpp(4): warning C4812: obsolete declaration style: please use 'MyVector<Sondeptrai>::MyVector' instead
     1>c:\users\nguyenvietnamson\desktop\oop sang chu nhat (7-6)\on tap tong quat\class template version 2\myvector.cpp(10): warning C4812: obsolete declaration style: please use 'MyVector<Sondeptrai>::~MyVector' instead
     1>c:\users\nguyenvietnamson\desktop\oop sang chu nhat (7-6)\on tap tong quat\class template version 2\myvector.cpp(4): warning C4812: obsolete declaration style: please use 'MyVector<Sondeptrai>::MyVector' instead
                 with
                 [
                     Sondeptrai=std::string
                 ]
                 c:\users\nguyenvietnamson\desktop\oop sang chu nhat (7-6)\on tap tong quat\class template version 2\myvector.cpp(5) : while compiling class template member function 'MyVector<Sondeptrai>::MyVector(void)'
                 with
                 [
                     Sondeptrai=std::string
                 ]
                 c:\users\nguyenvietnamson\desktop\oop sang chu nhat (7-6)\on tap tong quat\class template version 2\source.cpp(9) : see reference to function template instantiation 'MyVector<Sondeptrai>::MyVector(void)' being compiled
                 with
                 [
                     Sondeptrai=std::string
                 ]
                 c:\users\nguyenvietnamson\desktop\oop sang chu nhat (7-6)\on tap tong quat\class template version 2\source.cpp(9) : see reference to class template instantiation 'MyVector<Sondeptrai>' being compiled
                 with
                 [
                     Sondeptrai=std::string
                 ]
     1>c:\users\nguyenvietnamson\desktop\oop sang chu nhat (7-6)\on tap tong quat\class template version 2\myvector.cpp(10): warning C4812: obsolete declaration style: please use 'MyVector<Sondeptrai>::~MyVector' instead
                 with
                 [
                     Sondeptrai=std::string
                 ]
                 c:\users\nguyenvietnamson\desktop\oop sang chu nhat (7-6)\on tap tong quat\class template version 2\myvector.cpp(11) : while compiling class template member function 'MyVector<Sondeptrai>::~MyVector(void)'
                 with
                 [
                     Sondeptrai=std::string
                 ]
                 c:\users\nguyenvietnamson\desktop\oop sang chu nhat (7-6)\on tap tong quat\class template version 2\source.cpp(9) : see reference to function template instantiation 'MyVector<Sondeptrai>::~MyVector(void)' being compiled
                 with
                 [
                     Sondeptrai=std::string
                 ]
         MyVector.cpp
     1>c:\users\nguyenvietnamson\desktop\oop sang chu nhat (7-6)\on tap tong quat\class template version 2\myvector.cpp(4): warning C4812: obsolete declaration style: please use 'MyVector<Sondeptrai>::MyVector' instead
     1>c:\users\nguyenvietnamson\desktop\oop sang chu nhat (7-6)\on tap tong quat\class template version 2\myvector.cpp(10): warning C4812: obsolete declaration style: please use 'MyVector<Sondeptrai>::~MyVector' instead
         Generating Code...
       Link:
         C:\Program Files (x86)\Microsoft Visual Studio 11.0\VC\bin\link.exe /ERRORREPORT:PROMPT /OUT:"C:\Users\NguyenVietNamSon\Desktop\OOP sang chu nhat (7-6)\On Tap Tong Quat\Debug\Class Template Version 2.exe" /INCREMENTAL /NOLOGO kernel32.lib user32.lib gdi32.lib winspool.lib comdlg32.lib advapi32.lib shell32.lib ole32.lib oleaut32.lib uuid.lib odbc32.lib odbccp32.lib /MANIFEST /MANIFESTUAC:"level='asInvoker' uiAccess='false'" /manifest:embed /DEBUG /PDB:"C:\Users\NguyenVietNamSon\Desktop\OOP sang chu nhat (7-6)\On Tap Tong Quat\Debug\Class Template Version 2.pdb" /TLBID:1 /DYNAMICBASE /NXCOMPAT /IMPLIB:"C:\Users\NguyenVietNamSon\Desktop\OOP sang chu nhat (7-6)\On Tap Tong Quat\Debug\Class Template Version 2.lib" /MACHINE:X86 Debug\MyVector.obj
         Debug\Source.obj
         Class Template Version 2.vcxproj -> C:\Users\NguyenVietNamSon\Desktop\OOP sang chu nhat (7-6)\On Tap Tong Quat\Debug\Class Template Version 2.exe
     1>Done Building Project "C:\Users\NguyenVietNamSon\Desktop\OOP sang chu nhat (7-6)\On Tap Tong Quat\Class Template Version 2\Class Template Version 2.vcxproj" (Build target(s)).

Build succeeded.

Time Elapsed 00:00:00.98
