Build started 10/12/2015 3:27:42 AM.
     1>Project "C:\Users\NguyenVietNamSon\Desktop\OOP (7-2015) - Buoi 25\Da Hinh\Quan Ly Cong Ty\Quan Ly Cong Ty.vcxproj" on node 2 (Build target(s)).
     1>ClCompile:
         C:\Program Files (x86)\Microsoft Visual Studio 11.0\VC\bin\CL.exe /c /ZI /nologo /W3 /WX- /Od /Oy- /D _MBCS /Gm /EHsc /RTC1 /MDd /GS /fp:precise /Zc:wchar_t /Zc:forScope /Fo"Debug\\" /Fd"Debug\vc110.pdb" /Gd /TP /analyze- /errorReport:prompt CongTy.cpp NhanVien.cpp NhanVienCongNhat.cpp NhanVienQuanLy.cpp NhanVienSanXuat.cpp Source.cpp
         NhanVienSanXuat.cpp
         NhanVienQuanLy.cpp
         NhanVienCongNhat.cpp
         NhanVien.cpp
         CongTy.cpp
         Generating Code...
         Compiling...
         Source.cpp
         Generating Code...
       Link:
         C:\Program Files (x86)\Microsoft Visual Studio 11.0\VC\bin\link.exe /ERRORREPORT:PROMPT /OUT:"C:\Users\NguyenVietNamSon\Desktop\OOP (7-2015) - Buoi 25\Da Hinh\Debug\Quan Ly Cong Ty.exe" /INCREMENTAL /NOLOGO kernel32.lib user32.lib gdi32.lib winspool.lib comdlg32.lib advapi32.lib shell32.lib ole32.lib oleaut32.lib uuid.lib odbc32.lib odbccp32.lib /MANIFEST /MANIFESTUAC:"level='asInvoker' uiAccess='false'" /manifest:embed /DEBUG /PDB:"C:\Users\NguyenVietNamSon\Desktop\OOP (7-2015) - Buoi 25\Da Hinh\Debug\Quan Ly Cong Ty.pdb" /TLBID:1 /DYNAMICBASE /NXCOMPAT /IMPLIB:"C:\Users\NguyenVietNamSon\Desktop\OOP (7-2015) - Buoi 25\Da Hinh\Debug\Quan Ly Cong Ty.lib" /MACHINE:X86 "Debug\Quan Ly Cong Ty.res"
         Debug\CongTy.obj
         Debug\NhanVien.obj
         Debug\NhanVienCongNhat.obj
         Debug\NhanVienQuanLy.obj
         Debug\NhanVienSanXuat.obj
         Debug\Source.obj
         Quan Ly Cong Ty.vcxproj -> C:\Users\NguyenVietNamSon\Desktop\OOP (7-2015) - Buoi 25\Da Hinh\Debug\Quan Ly Cong Ty.exe
     1>Done Building Project "C:\Users\NguyenVietNamSon\Desktop\OOP (7-2015) - Buoi 25\Da Hinh\Quan Ly Cong Ty\Quan Ly Cong Ty.vcxproj" (Build target(s)).

Build succeeded.

Time Elapsed 00:00:03.38
